<?xml version="1.0" encoding="UTF-8"?>
<!-- Generated by org.testng.reporters.JUnitReportReporter -->
<testsuite hostname="Lenovo" failures="0" tests="2" name="com.lti.testcases.LoginPageTest" time="72.299" errors="0" timestamp="2023-02-12T21:12:16 IST" skipped="0">
  <testcase classname="com.lti.testcases.LoginPageTest" name="validateTitleTest" time="27.275"/>
  <system-out/>
  <testcase classname="com.lti.testcases.LoginPageTest" name="validateLoginTest" time="45.024"/>
  <system-out/>
</testsuite> <!-- com.lti.testcases.LoginPageTest -->
