<?xml version="1.0" encoding="UTF-8"?>
<!-- Generated by org.testng.reporters.JUnitReportReporter -->
<testsuite hostname="Lenovo" failures="0" tests="1" name="com.lti.testcases.DashboardPageTest" time="32.908" errors="0" timestamp="2023-02-12T21:21:14 IST" skipped="0">
  <testcase classname="com.lti.testcases.DashboardPageTest" name="validateTimeAtWorkSectionTest" time="32.908"/>
  <system-out/>
</testsuite> <!-- com.lti.testcases.DashboardPageTest -->
